# JRE version: OpenJDK Runtime Environment (8.0_352-b08) (build 1.8.0_352-b08)
# Java VM: OpenJDK 64-Bit Server VM (25.352-b08 mixed mode windows-amd64 compressed oops)
Heap:
 PSYoungGen      total 533504K, used 218754K [0x0000000715b80000, 0x000000073f980000, 0x00000007c0000000)
  eden space 475136K, 36% used [0x0000000715b80000,0x0000000720463bc8,0x0000000732b80000)
  from space 58368K, 78% used [0x000000073c080000,0x000000073ed3ce08,0x000000073f980000)
  to   space 105472K, 0% used [0x0000000732b80000,0x0000000732b80000,0x0000000739280000)
 ParOldGen       total 452608K, used 108690K [0x00000005c1200000, 0x00000005dcc00000, 0x0000000715b80000)
  object space 452608K, 24% used [0x00000005c1200000,0x00000005c7c248c8,0x00000005dcc00000)
 Metaspace       used 73802K, capacity 75177K, committed 75688K, reserved 1116160K
  class space    used 8735K, capacity 9109K, committed 9128K, reserved 1048576K
GC Heap History (10 events):
Event: 20.658 GC heap before
{Heap before GC invocations=17 (full 3):
 PSYoungGen      total 432640K, used 79026K [0x0000000715b80000, 0x0000000738a80000, 0x00000007c0000000)
  eden space 332800K, 0% used [0x0000000715b80000,0x0000000715b80000,0x000000072a080000)
  from space 99840K, 79% used [0x0000000730a00000,0x000000073572c9e8,0x0000000736b80000)
  to   space 108032K, 0% used [0x000000072a080000,0x000000072a080000,0x0000000730a00000)
 ParOldGen       total 243712K, used 62609K [0x00000005c1200000, 0x00000005d0000000, 0x0000000715b80000)
  object space 243712K, 25% used [0x00000005c1200000,0x00000005c4f24568,0x00000005d0000000)
 Metaspace       used 54307K, capacity 55498K, committed 55976K, reserved 1097728K
  class space    used 6636K, capacity 7004K, committed 7080K, reserved 1048576K
Event: 20.841 GC heap after
Heap after GC invocations=17 (full 3):
 PSYoungGen      total 432640K, used 0K [0x0000000715b80000, 0x0000000738a80000, 0x00000007c0000000)
  eden space 332800K, 0% used [0x0000000715b80000,0x0000000715b80000,0x000000072a080000)
  from space 99840K, 0% used [0x0000000730a00000,0x0000000730a00000,0x0000000736b80000)
  to   space 108032K, 0% used [0x000000072a080000,0x000000072a080000,0x0000000730a00000)
 ParOldGen       total 452608K, used 108658K [0x00000005c1200000, 0x00000005dcc00000, 0x0000000715b80000)
  object space 452608K, 24% used [0x00000005c1200000,0x00000005c7c1c8c8,0x00000005dcc00000)
 Metaspace       used 54307K, capacity 55498K, committed 55976K, reserved 1097728K
  class space    used 6636K, capacity 7004K, committed 7080K, reserved 1048576K
}
Event: 23.186 GC heap before
{Heap before GC invocations=18 (full 3):
 PSYoungGen      total 432640K, used 332800K [0x0000000715b80000, 0x0000000738a80000, 0x00000007c0000000)
  eden space 332800K, 100% used [0x0000000715b80000,0x000000072a080000,0x000000072a080000)
  from space 99840K, 0% used [0x0000000730a00000,0x0000000730a00000,0x0000000736b80000)
  to   space 108032K, 0% used [0x000000072a080000,0x000000072a080000,0x0000000730a00000)
 ParOldGen       total 452608K, used 108658K [0x00000005c1200000, 0x00000005dcc00000, 0x0000000715b80000)
  object space 452608K, 24% used [0x00000005c1200000,0x00000005c7c1c8c8,0x00000005dcc00000)
 Metaspace       used 59576K, capacity 60788K, committed 61352K, reserved 1103872K
  class space    used 7426K, capacity 7757K, committed 7848K, reserved 1048576K
Event: 23.192 GC heap after
Heap after GC invocations=18 (full 3):
 PSYoungGen      total 440832K, used 13441K [0x0000000715b80000, 0x000000073cf80000, 0x00000007c0000000)
  eden space 332800K, 0% used [0x0000000715b80000,0x0000000715b80000,0x000000072a080000)
  from space 108032K, 12% used [0x000000072a080000,0x000000072ada07e0,0x0000000730a00000)
  to   space 107008K, 0% used [0x0000000736700000,0x0000000736700000,0x000000073cf80000)
 ParOldGen       total 452608K, used 108666K [0x00000005c1200000, 0x00000005dcc00000, 0x0000000715b80000)
  object space 452608K, 24% used [0x00000005c1200000,0x00000005c7c1e8c8,0x00000005dcc00000)
 Metaspace       used 59576K, capacity 60788K, committed 61352K, reserved 1103872K
  class space    used 7426K, capacity 7757K, committed 7848K, reserved 1048576K
}
Event: 26.951 GC heap before
{Heap before GC invocations=19 (full 3):
 PSYoungGen      total 440832K, used 346241K [0x0000000715b80000, 0x000000073cf80000, 0x00000007c0000000)
  eden space 332800K, 100% used [0x0000000715b80000,0x000000072a080000,0x000000072a080000)
  from space 108032K, 12% used [0x000000072a080000,0x000000072ada07e0,0x0000000730a00000)
  to   space 107008K, 0% used [0x0000000736700000,0x0000000736700000,0x000000073cf80000)
 ParOldGen       total 452608K, used 108666K [0x00000005c1200000, 0x00000005dcc00000, 0x0000000715b80000)
  object space 452608K, 24% used [0x00000005c1200000,0x00000005c7c1e8c8,0x00000005dcc00000)
 Metaspace       used 66117K, capacity 67363K, committed 68008K, reserved 1110016K
  class space    used 7912K, capacity 8282K, committed 8360K, reserved 1048576K
Event: 26.960 GC heap after
Heap after GC invocations=19 (full 3):
 PSYoungGen      total 507392K, used 17605K [0x0000000715b80000, 0x000000073bf80000, 0x00000007c0000000)
  eden space 416768K, 0% used [0x0000000715b80000,0x0000000715b80000,0x000000072f280000)
  from space 90624K, 19% used [0x0000000736700000,0x0000000737831450,0x000000073bf80000)
  to   space 104960K, 0% used [0x000000072f280000,0x000000072f280000,0x0000000735900000)
 ParOldGen       total 452608K, used 108674K [0x00000005c1200000, 0x00000005dcc00000, 0x0000000715b80000)
  object space 452608K, 24% used [0x00000005c1200000,0x00000005c7c208c8,0x00000005dcc00000)
 Metaspace       used 66117K, capacity 67363K, committed 68008K, reserved 1110016K
  class space    used 7912K, capacity 8282K, committed 8360K, reserved 1048576K
}
Event: 30.521 GC heap before
{Heap before GC invocations=20 (full 3):
 PSYoungGen      total 507392K, used 434373K [0x0000000715b80000, 0x000000073bf80000, 0x00000007c0000000)
  eden space 416768K, 100% used [0x0000000715b80000,0x000000072f280000,0x000000072f280000)
  from space 90624K, 19% used [0x0000000736700000,0x0000000737831450,0x000000073bf80000)
  to   space 104960K, 0% used [0x000000072f280000,0x000000072f280000,0x0000000735900000)
 ParOldGen       total 452608K, used 108674K [0x00000005c1200000, 0x00000005dcc00000, 0x0000000715b80000)
  object space 452608K, 24% used [0x00000005c1200000,0x00000005c7c208c8,0x00000005dcc00000)
 Metaspace       used 68540K, capacity 69805K, committed 70568K, reserved 1112064K
  class space    used 8201K, capacity 8557K, committed 8616K, reserved 1048576K
Event: 30.553 GC heap after
Heap after GC invocations=20 (full 3):
 PSYoungGen      total 521728K, used 75545K [0x0000000715b80000, 0x0000000742d80000, 0x00000007c0000000)
  eden space 416768K, 0% used [0x0000000715b80000,0x0000000715b80000,0x000000072f280000)
  from space 104960K, 71% used [0x000000072f280000,0x0000000733c46688,0x0000000735900000)
  to   space 111616K, 0% used [0x000000073c080000,0x000000073c080000,0x0000000742d80000)
 ParOldGen       total 452608K, used 108682K [0x00000005c1200000, 0x00000005dcc00000, 0x0000000715b80000)
  object space 452608K, 24% used [0x00000005c1200000,0x00000005c7c228c8,0x00000005dcc00000)
 Metaspace       used 68540K, capacity 69805K, committed 70568K, reserved 1112064K
  class space    used 8201K, capacity 8557K, committed 8616K, reserved 1048576K
}
Event: 36.207 GC heap before
{Heap before GC invocations=21 (full 3):
 PSYoungGen      total 521728K, used 492313K [0x0000000715b80000, 0x0000000742d80000, 0x00000007c0000000)
  eden space 416768K, 100% used [0x0000000715b80000,0x000000072f280000,0x000000072f280000)
  from space 104960K, 71% used [0x000000072f280000,0x0000000733c46688,0x0000000735900000)
  to   space 111616K, 0% used [0x000000073c080000,0x000000073c080000,0x0000000742d80000)
 ParOldGen       total 452608K, used 108682K [0x00000005c1200000, 0x00000005dcc00000, 0x0000000715b80000)
  object space 452608K, 24% used [0x00000005c1200000,0x00000005c7c228c8,0x00000005dcc00000)
 Metaspace       used 72983K, capacity 74473K, committed 75176K, reserved 1116160K
  class space    used 8659K, capacity 9045K, committed 9128K, reserved 1048576K
Event: 36.226 GC heap after
Heap after GC invocations=21 (full 3):
 PSYoungGen      total 533504K, used 45811K [0x0000000715b80000, 0x000000073f980000, 0x00000007c0000000)
  eden space 475136K, 0% used [0x0000000715b80000,0x0000000715b80000,0x0000000732b80000)
  from space 58368K, 78% used [0x000000073c080000,0x000000073ed3ce08,0x000000073f980000)
  to   space 105472K, 0% used [0x0000000732b80000,0x0000000732b80000,0x0000000739280000)
 ParOldGen       total 452608K, used 108690K [0x00000005c1200000, 0x00000005dcc00000, 0x0000000715b80000)
  object space 452608K, 24% used [0x00000005c1200000,0x00000005c7c248c8,0x00000005dcc00000)
 Metaspace       used 72983K, capacity 74473K, committed 75176K, reserved 1116160K
  class space    used 8659K, capacity 9045K, committed 9128K, reserved 1048576K
}

