# JRE version: OpenJDK Runtime Environment (8.0_342-b07) (build 1.8.0_342-b07)
# Java VM: OpenJDK 64-Bit Server VM (25.342-b07 mixed mode windows-amd64 compressed oops)
Heap:
 PSYoungGen      total 1122304K, used 808205K [0x0000000715b80000, 0x0000000781080000, 0x00000007c0000000)
  eden space 1109504K, 71% used [0x0000000715b80000,0x0000000746446e28,0x0000000759700000)
  from space 12800K, 99% used [0x0000000780400000,0x000000078107c680,0x0000000781080000)
  to   space 19968K, 0% used [0x000000077e980000,0x000000077e980000,0x000000077fd00000)
 ParOldGen       total 695808K, used 362389K [0x00000005c1200000, 0x00000005eb980000, 0x0000000715b80000)
  object space 695808K, 52% used [0x00000005c1200000,0x00000005d73e5680,0x00000005eb980000)
 Metaspace       used 128789K, capacity 134538K, committed 134656K, reserved 1169408K
  class space    used 13727K, capacity 14799K, committed 14848K, reserved 1048576K
GC Heap History (10 events):
Event: 798.838 GC heap before
{Heap before GC invocations=102 (full 12):
 PSYoungGen      total 1342976K, used 1342727K [0x0000000715b80000, 0x0000000783980000, 0x00000007c0000000)
  eden space 1335296K, 100% used [0x0000000715b80000,0x0000000767380000,0x0000000767380000)
  from space 7680K, 96% used [0x0000000781580000,0x0000000781cc1e08,0x0000000781d00000)
  to   space 21504K, 0% used [0x0000000782480000,0x0000000782480000,0x0000000783980000)
 ParOldGen       total 695808K, used 361829K [0x00000005c1200000, 0x00000005eb980000, 0x0000000715b80000)
  object space 695808K, 52% used [0x00000005c1200000,0x00000005d73595f0,0x00000005eb980000)
 Metaspace       used 128481K, capacity 134160K, committed 134400K, reserved 1169408K
  class space    used 13715K, capacity 14764K, committed 14848K, reserved 1048576K
Event: 798.847 GC heap after
Heap after GC invocations=102 (full 12):
 PSYoungGen      total 1293312K, used 7464K [0x0000000715b80000, 0x0000000782c00000, 0x00000007c0000000)
  eden space 1285632K, 0% used [0x0000000715b80000,0x0000000715b80000,0x0000000764300000)
  from space 7680K, 97% used [0x0000000782480000,0x0000000782bca3d8,0x0000000782c00000)
  to   space 20480K, 0% used [0x0000000780400000,0x0000000780400000,0x0000000781800000)
 ParOldGen       total 695808K, used 361957K [0x00000005c1200000, 0x00000005eb980000, 0x0000000715b80000)
  object space 695808K, 52% used [0x00000005c1200000,0x00000005d7379610,0x00000005eb980000)
 Metaspace       used 128481K, capacity 134160K, committed 134400K, reserved 1169408K
  class space    used 13715K, capacity 14764K, committed 14848K, reserved 1048576K
}
Event: 813.595 GC heap before
{Heap before GC invocations=103 (full 12):
 PSYoungGen      total 1293312K, used 1293096K [0x0000000715b80000, 0x0000000782c00000, 0x00000007c0000000)
  eden space 1285632K, 100% used [0x0000000715b80000,0x0000000764300000,0x0000000764300000)
  from space 7680K, 97% used [0x0000000782480000,0x0000000782bca3d8,0x0000000782c00000)
  to   space 20480K, 0% used [0x0000000780400000,0x0000000780400000,0x0000000781800000)
 ParOldGen       total 695808K, used 361957K [0x00000005c1200000, 0x00000005eb980000, 0x0000000715b80000)
  object space 695808K, 52% used [0x00000005c1200000,0x00000005d7379610,0x00000005eb980000)
 Metaspace       used 128492K, capacity 134160K, committed 134400K, reserved 1169408K
  class space    used 13715K, capacity 14764K, committed 14848K, reserved 1048576K
Event: 813.605 GC heap after
Heap after GC invocations=103 (full 12):
 PSYoungGen      total 1248256K, used 9648K [0x0000000715b80000, 0x0000000782500000, 0x00000007c0000000)
  eden space 1238528K, 0% used [0x0000000715b80000,0x0000000715b80000,0x0000000761500000)
  from space 9728K, 99% used [0x0000000780400000,0x0000000780d6c3c8,0x0000000780d80000)
  to   space 19456K, 0% used [0x0000000781200000,0x0000000781200000,0x0000000782500000)
 ParOldGen       total 695808K, used 362093K [0x00000005c1200000, 0x00000005eb980000, 0x0000000715b80000)
  object space 695808K, 52% used [0x00000005c1200000,0x00000005d739b630,0x00000005eb980000)
 Metaspace       used 128492K, capacity 134160K, committed 134400K, reserved 1169408K
  class space    used 13715K, capacity 14764K, committed 14848K, reserved 1048576K
}
Event: 829.071 GC heap before
{Heap before GC invocations=104 (full 12):
 PSYoungGen      total 1248256K, used 1248176K [0x0000000715b80000, 0x0000000782500000, 0x00000007c0000000)
  eden space 1238528K, 100% used [0x0000000715b80000,0x0000000761500000,0x0000000761500000)
  from space 9728K, 99% used [0x0000000780400000,0x0000000780d6c3c8,0x0000000780d80000)
  to   space 19456K, 0% used [0x0000000781200000,0x0000000781200000,0x0000000782500000)
 ParOldGen       total 695808K, used 362093K [0x00000005c1200000, 0x00000005eb980000, 0x0000000715b80000)
  object space 695808K, 52% used [0x00000005c1200000,0x00000005d739b630,0x00000005eb980000)
 Metaspace       used 128751K, capacity 134378K, committed 134656K, reserved 1169408K
  class space    used 13724K, capacity 14767K, committed 14848K, reserved 1048576K
Event: 829.082 GC heap after
Heap after GC invocations=104 (full 12):
 PSYoungGen      total 1206272K, used 12609K [0x0000000715b80000, 0x0000000781e80000, 0x00000007c0000000)
  eden space 1193472K, 0% used [0x0000000715b80000,0x0000000715b80000,0x000000075e900000)
  from space 12800K, 98% used [0x0000000781200000,0x0000000781e504c0,0x0000000781e80000)
  to   space 19968K, 0% used [0x000000077f780000,0x000000077f780000,0x0000000780b00000)
 ParOldGen       total 695808K, used 362261K [0x00000005c1200000, 0x00000005eb980000, 0x0000000715b80000)
  object space 695808K, 52% used [0x00000005c1200000,0x00000005d73c5670,0x00000005eb980000)
 Metaspace       used 128751K, capacity 134378K, committed 134656K, reserved 1169408K
  class space    used 13724K, capacity 14767K, committed 14848K, reserved 1048576K
}
Event: 857.546 GC heap before
{Heap before GC invocations=105 (full 12):
 PSYoungGen      total 1206272K, used 1206081K [0x0000000715b80000, 0x0000000781e80000, 0x00000007c0000000)
  eden space 1193472K, 100% used [0x0000000715b80000,0x000000075e900000,0x000000075e900000)
  from space 12800K, 98% used [0x0000000781200000,0x0000000781e504c0,0x0000000781e80000)
  to   space 19968K, 0% used [0x000000077f780000,0x000000077f780000,0x0000000780b00000)
 ParOldGen       total 695808K, used 362261K [0x00000005c1200000, 0x00000005eb980000, 0x0000000715b80000)
  object space 695808K, 52% used [0x00000005c1200000,0x00000005d73c5670,0x00000005eb980000)
 Metaspace       used 128769K, capacity 134506K, committed 134656K, reserved 1169408K
  class space    used 13724K, capacity 14767K, committed 14848K, reserved 1048576K
Event: 857.560 GC heap after
Heap after GC invocations=105 (full 12):
 PSYoungGen      total 1163264K, used 12678K [0x0000000715b80000, 0x0000000781280000, 0x00000007c0000000)
  eden space 1150464K, 0% used [0x0000000715b80000,0x0000000715b80000,0x000000075bf00000)
  from space 12800K, 99% used [0x000000077f780000,0x00000007803e18b0,0x0000000780400000)
  to   space 14848K, 0% used [0x0000000780400000,0x0000000780400000,0x0000000781280000)
 ParOldGen       total 695808K, used 362309K [0x00000005c1200000, 0x00000005eb980000, 0x0000000715b80000)
  object space 695808K, 52% used [0x00000005c1200000,0x00000005d73d1670,0x00000005eb980000)
 Metaspace       used 128769K, capacity 134506K, committed 134656K, reserved 1169408K
  class space    used 13724K, capacity 14767K, committed 14848K, reserved 1048576K
}
Event: 888.591 GC heap before
{Heap before GC invocations=106 (full 12):
 PSYoungGen      total 1163264K, used 1163142K [0x0000000715b80000, 0x0000000781280000, 0x00000007c0000000)
  eden space 1150464K, 100% used [0x0000000715b80000,0x000000075bf00000,0x000000075bf00000)
  from space 12800K, 99% used [0x000000077f780000,0x00000007803e18b0,0x0000000780400000)
  to   space 14848K, 0% used [0x0000000780400000,0x0000000780400000,0x0000000781280000)
 ParOldGen       total 695808K, used 362309K [0x00000005c1200000, 0x00000005eb980000, 0x0000000715b80000)
  object space 695808K, 52% used [0x00000005c1200000,0x00000005d73d1670,0x00000005eb980000)
 Metaspace       used 128772K, capacity 134506K, committed 134656K, reserved 1169408K
  class space    used 13724K, capacity 14767K, committed 14848K, reserved 1048576K
Event: 888.667 GC heap after
Heap after GC invocations=106 (full 12):
 PSYoungGen      total 1122304K, used 12785K [0x0000000715b80000, 0x0000000781080000, 0x00000007c0000000)
  eden space 1109504K, 0% used [0x0000000715b80000,0x0000000715b80000,0x0000000759700000)
  from space 12800K, 99% used [0x0000000780400000,0x000000078107c680,0x0000000781080000)
  to   space 19968K, 0% used [0x000000077e980000,0x000000077e980000,0x000000077fd00000)
 ParOldGen       total 695808K, used 362389K [0x00000005c1200000, 0x00000005eb980000, 0x0000000715b80000)
  object space 695808K, 52% used [0x00000005c1200000,0x00000005d73e5680,0x00000005eb980000)
 Metaspace       used 128772K, capacity 134506K, committed 134656K, reserved 1169408K
  class space    used 13724K, capacity 14767K, committed 14848K, reserved 1048576K
}

