# JRE version: OpenJDK Runtime Environment (8.0_342-b07) (build 1.8.0_342-b07)
# Java VM: OpenJDK 64-Bit Server VM (25.342-b07 mixed mode windows-amd64 compressed oops)
Heap:
 PSYoungGen      total 1008640K, used 337773K [0x0000000715b80000, 0x000000075f600000, 0x00000007c0000000)
  eden space 870400K, 32% used [0x0000000715b80000,0x0000000726f0e298,0x000000074ad80000)
  from space 138240K, 40% used [0x000000074ad80000,0x000000074e3cd240,0x0000000753480000)
  to   space 132096K, 0% used [0x0000000757500000,0x0000000757500000,0x000000075f600000)
 ParOldGen       total 600576K, used 223021K [0x00000005c1200000, 0x00000005e5c80000, 0x0000000715b80000)
  object space 600576K, 37% used [0x00000005c1200000,0x00000005cebcb718,0x00000005e5c80000)
 Metaspace       used 103670K, capacity 105679K, committed 106456K, reserved 1144832K
  class space    used 11289K, capacity 11729K, committed 11776K, reserved 1048576K
GC Heap History (10 events):
Event: 81.573 GC heap before
{Heap before GC invocations=32 (full 3):
 PSYoungGen      total 1001984K, used 865854K [0x0000000715b80000, 0x000000075b200000, 0x00000007c0000000)
  eden space 876032K, 88% used [0x0000000715b80000,0x0000000744e26b98,0x000000074b300000)
  from space 125952K, 73% used [0x0000000753600000,0x00000007590e8fb8,0x000000075b100000)
  to   space 130560K, 0% used [0x000000074b300000,0x000000074b300000,0x0000000753280000)
 ParOldGen       total 600576K, used 133096K [0x00000005c1200000, 0x00000005e5c80000, 0x0000000715b80000)
  object space 600576K, 22% used [0x00000005c1200000,0x00000005c93fa118,0x00000005e5c80000)
 Metaspace       used 92432K, capacity 94217K, committed 95064K, reserved 1134592K
  class space    used 10183K, capacity 10594K, committed 10624K, reserved 1048576K
Event: 81.605 GC heap after
Heap after GC invocations=32 (full 3):
 PSYoungGen      total 1006592K, used 90179K [0x0000000715b80000, 0x000000075b600000, 0x00000007c0000000)
  eden space 876032K, 0% used [0x0000000715b80000,0x0000000715b80000,0x000000074b300000)
  from space 130560K, 69% used [0x000000074b300000,0x0000000750b10fc8,0x0000000753280000)
  to   space 132608K, 0% used [0x0000000753480000,0x0000000753480000,0x000000075b600000)
 ParOldGen       total 600576K, used 141040K [0x00000005c1200000, 0x00000005e5c80000, 0x0000000715b80000)
  object space 600576K, 23% used [0x00000005c1200000,0x00000005c9bbc2c8,0x00000005e5c80000)
 Metaspace       used 92432K, capacity 94217K, committed 95064K, reserved 1134592K
  class space    used 10183K, capacity 10594K, committed 10624K, reserved 1048576K
}
Event: 81.605 GC heap before
{Heap before GC invocations=33 (full 4):
 PSYoungGen      total 1006592K, used 90179K [0x0000000715b80000, 0x000000075b600000, 0x00000007c0000000)
  eden space 876032K, 0% used [0x0000000715b80000,0x0000000715b80000,0x000000074b300000)
  from space 130560K, 69% used [0x000000074b300000,0x0000000750b10fc8,0x0000000753280000)
  to   space 132608K, 0% used [0x0000000753480000,0x0000000753480000,0x000000075b600000)
 ParOldGen       total 600576K, used 141040K [0x00000005c1200000, 0x00000005e5c80000, 0x0000000715b80000)
  object space 600576K, 23% used [0x00000005c1200000,0x00000005c9bbc2c8,0x00000005e5c80000)
 Metaspace       used 92432K, capacity 94217K, committed 95064K, reserved 1134592K
  class space    used 10183K, capacity 10594K, committed 10624K, reserved 1048576K
Event: 82.208 GC heap after
Heap after GC invocations=33 (full 4):
 PSYoungGen      total 1006592K, used 0K [0x0000000715b80000, 0x000000075b600000, 0x00000007c0000000)
  eden space 876032K, 0% used [0x0000000715b80000,0x0000000715b80000,0x000000074b300000)
  from space 130560K, 0% used [0x000000074b300000,0x000000074b300000,0x0000000753280000)
  to   space 132608K, 0% used [0x0000000753480000,0x0000000753480000,0x000000075b600000)
 ParOldGen       total 600576K, used 223013K [0x00000005c1200000, 0x00000005e5c80000, 0x0000000715b80000)
  object space 600576K, 37% used [0x00000005c1200000,0x00000005cebc9660,0x00000005e5c80000)
 Metaspace       used 92432K, capacity 94217K, committed 95064K, reserved 1134592K
  class space    used 10183K, capacity 10594K, committed 10624K, reserved 1048576K
}
Event: 82.208 GC heap before
{Heap before GC invocations=34 (full 4):
 PSYoungGen      total 1006592K, used 2K [0x0000000715b80000, 0x000000075b600000, 0x00000007c0000000)
  eden space 876032K, 0% used [0x0000000715b80000,0x0000000715b80820,0x000000074b300000)
  from space 130560K, 0% used [0x000000074b300000,0x000000074b300000,0x0000000753280000)
  to   space 132608K, 0% used [0x0000000753480000,0x0000000753480000,0x000000075b600000)
 ParOldGen       total 600576K, used 223013K [0x00000005c1200000, 0x00000005e5c80000, 0x0000000715b80000)
  object space 600576K, 37% used [0x00000005c1200000,0x00000005cebc9660,0x00000005e5c80000)
 Metaspace       used 92432K, capacity 94217K, committed 95064K, reserved 1134592K
  class space    used 10183K, capacity 10594K, committed 10624K, reserved 1048576K
Event: 82.212 GC heap after
Heap after GC invocations=34 (full 4):
 PSYoungGen      total 1003008K, used 96K [0x0000000715b80000, 0x000000075c100000, 0x00000007c0000000)
  eden space 870400K, 0% used [0x0000000715b80000,0x0000000715b80000,0x000000074ad80000)
  from space 132608K, 0% used [0x0000000753480000,0x0000000753498000,0x000000075b600000)
  to   space 138240K, 0% used [0x000000074ad80000,0x000000074ad80000,0x0000000753480000)
 ParOldGen       total 600576K, used 223013K [0x00000005c1200000, 0x00000005e5c80000, 0x0000000715b80000)
  object space 600576K, 37% used [0x00000005c1200000,0x00000005cebc9660,0x00000005e5c80000)
 Metaspace       used 92432K, capacity 94217K, committed 95064K, reserved 1134592K
  class space    used 10183K, capacity 10594K, committed 10624K, reserved 1048576K
}
Event: 82.213 GC heap before
{Heap before GC invocations=35 (full 5):
 PSYoungGen      total 1003008K, used 96K [0x0000000715b80000, 0x000000075c100000, 0x00000007c0000000)
  eden space 870400K, 0% used [0x0000000715b80000,0x0000000715b80000,0x000000074ad80000)
  from space 132608K, 0% used [0x0000000753480000,0x0000000753498000,0x000000075b600000)
  to   space 138240K, 0% used [0x000000074ad80000,0x000000074ad80000,0x0000000753480000)
 ParOldGen       total 600576K, used 223013K [0x00000005c1200000, 0x00000005e5c80000, 0x0000000715b80000)
  object space 600576K, 37% used [0x00000005c1200000,0x00000005cebc9660,0x00000005e5c80000)
 Metaspace       used 92432K, capacity 94217K, committed 95064K, reserved 1134592K
  class space    used 10183K, capacity 10594K, committed 10624K, reserved 1048576K
Event: 82.517 GC heap after
Heap after GC invocations=35 (full 5):
 PSYoungGen      total 1003008K, used 0K [0x0000000715b80000, 0x000000075c100000, 0x00000007c0000000)
  eden space 870400K, 0% used [0x0000000715b80000,0x0000000715b80000,0x000000074ad80000)
  from space 132608K, 0% used [0x0000000753480000,0x0000000753480000,0x000000075b600000)
  to   space 138240K, 0% used [0x000000074ad80000,0x000000074ad80000,0x0000000753480000)
 ParOldGen       total 600576K, used 223013K [0x00000005c1200000, 0x00000005e5c80000, 0x0000000715b80000)
  object space 600576K, 37% used [0x00000005c1200000,0x00000005cebc9718,0x00000005e5c80000)
 Metaspace       used 92432K, capacity 94217K, committed 95064K, reserved 1134592K
  class space    used 10183K, capacity 10594K, committed 10624K, reserved 1048576K
}
Event: 88.905 GC heap before
{Heap before GC invocations=36 (full 5):
 PSYoungGen      total 1003008K, used 870400K [0x0000000715b80000, 0x000000075c100000, 0x00000007c0000000)
  eden space 870400K, 100% used [0x0000000715b80000,0x000000074ad80000,0x000000074ad80000)
  from space 132608K, 0% used [0x0000000753480000,0x0000000753480000,0x000000075b600000)
  to   space 138240K, 0% used [0x000000074ad80000,0x000000074ad80000,0x0000000753480000)
 ParOldGen       total 600576K, used 223013K [0x00000005c1200000, 0x00000005e5c80000, 0x0000000715b80000)
  object space 600576K, 37% used [0x00000005c1200000,0x00000005cebc9718,0x00000005e5c80000)
 Metaspace       used 101476K, capacity 103445K, committed 104280K, reserved 1142784K
  class space    used 11122K, capacity 11580K, committed 11648K, reserved 1048576K
Event: 88.925 GC heap after
Heap after GC invocations=36 (full 5):
 PSYoungGen      total 1008640K, used 55604K [0x0000000715b80000, 0x000000075f600000, 0x00000007c0000000)
  eden space 870400K, 0% used [0x0000000715b80000,0x0000000715b80000,0x000000074ad80000)
  from space 138240K, 40% used [0x000000074ad80000,0x000000074e3cd240,0x0000000753480000)
  to   space 132096K, 0% used [0x0000000757500000,0x0000000757500000,0x000000075f600000)
 ParOldGen       total 600576K, used 223021K [0x00000005c1200000, 0x00000005e5c80000, 0x0000000715b80000)
  object space 600576K, 37% used [0x00000005c1200000,0x00000005cebcb718,0x00000005e5c80000)
 Metaspace       used 101476K, capacity 103445K, committed 104280K, reserved 1142784K
  class space    used 11122K, capacity 11580K, committed 11648K, reserved 1048576K
}

